<?xml version="1.0" encoding="UTF-8"?>
<robot generator="Robot 6.1.1 (Python 3.11.4 on win32)" generated="20230801 06:38:31.749" rpa="false" schemaversion="4">
<suite id="s1" name="TC1" source="C:\Users\rauta\PycharmProjects\WebAutomation\TestCases\TC1.robot">
<test id="s1-t1" name="LoginTest" line="10">
<kw name="Open Browser" library="SeleniumLibrary">
<arg>${url}</arg>
<arg>${browser}</arg>
<doc>Opens a new browser instance to the optional ``url``.</doc>
<msg timestamp="20230801 06:38:32.249" level="INFO">Opening browser 'chrome' to base url 'https://www.tagesspiegel.de/'.</msg>
<status status="PASS" starttime="20230801 06:38:32.249" endtime="20230801 06:38:38.805"/>
</kw>
<kw name="Maximize Browser Window" library="SeleniumLibrary">
<doc>Maximizes current browser window.</doc>
<status status="PASS" starttime="20230801 06:38:38.807" endtime="20230801 06:38:38.968"/>
</kw>
<kw name="Wait Until Element Is Visible" library="SeleniumLibrary">
<arg>xpath://iframe[@id='sp_message_iframe_795354']</arg>
<doc>Waits until the element ``locator`` is visible.</doc>
<status status="PASS" starttime="20230801 06:38:38.969" endtime="20230801 06:38:40.474"/>
</kw>
<kw name="Select Frame" library="SeleniumLibrary">
<arg>xpath://iframe[@id='sp_message_iframe_795354']</arg>
<doc>Sets frame identified by ``locator`` as the current frame.</doc>
<msg timestamp="20230801 06:38:40.475" level="INFO">Selecting frame 'xpath://iframe[@id='sp_message_iframe_795354']'.</msg>
<status status="PASS" starttime="20230801 06:38:40.475" endtime="20230801 06:38:40.560"/>
</kw>
<kw name="Click Element" library="SeleniumLibrary">
<arg>xpath://button[@title='Alle akzeptieren']</arg>
<doc>Click the element identified by ``locator``.</doc>
<msg timestamp="20230801 06:38:40.561" level="INFO">Clicking element 'xpath://button[@title='Alle akzeptieren']'.</msg>
<status status="PASS" starttime="20230801 06:38:40.561" endtime="20230801 06:38:40.688"/>
</kw>
<kw name="Click Link" library="SeleniumLibrary">
<arg>xpath://a[@title='Melden Sie sich mit Ihrem Tagesspiegel-Konto an']</arg>
<doc>Clicks a link identified by ``locator``.</doc>
<msg timestamp="20230801 06:38:40.689" level="INFO">Clicking link 'xpath://a[@title='Melden Sie sich mit Ihrem Tagesspiegel-Konto an']'.</msg>
<status status="PASS" starttime="20230801 06:38:40.689" endtime="20230801 06:38:40.770"/>
</kw>
<kw name="Wait Until Element Is Visible" library="SeleniumLibrary">
<arg>xpath://iframe[@id='modal-iframe']</arg>
<doc>Waits until the element ``locator`` is visible.</doc>
<status status="PASS" starttime="20230801 06:38:40.771" endtime="20230801 06:38:44.353"/>
</kw>
<kw name="Select Frame" library="SeleniumLibrary">
<arg>xpath://iframe[@id='modal-iframe']</arg>
<doc>Sets frame identified by ``locator`` as the current frame.</doc>
<msg timestamp="20230801 06:38:44.355" level="INFO">Selecting frame 'xpath://iframe[@id='modal-iframe']'.</msg>
<status status="PASS" starttime="20230801 06:38:44.354" endtime="20230801 06:38:44.441"/>
</kw>
<kw name="Input Text" library="SeleniumLibrary">
<arg>xpath://input[@id='forms/formLogin_email']</arg>
<arg>qa.tagesspiegel+task@gmail.com</arg>
<doc>Types the given ``text`` into the text field identified by ``locator``.</doc>
<msg timestamp="20230801 06:38:44.443" level="INFO">Typing text 'qa.tagesspiegel+task@gmail.com' into text field 'xpath://input[@id='forms/formLogin_email']'.</msg>
<status status="PASS" starttime="20230801 06:38:44.442" endtime="20230801 06:38:44.667"/>
</kw>
<kw name="Input Password" library="SeleniumLibrary">
<arg>xpath://input[@id='forms/formLogin_password']</arg>
<arg>tages123!</arg>
<doc>Types the given password into the text field identified by ``locator``.</doc>
<msg timestamp="20230801 06:38:44.669" level="INFO">Typing password into text field 'xpath://input[@id='forms/formLogin_password']'.</msg>
<msg timestamp="20230801 06:38:44.721" level="INFO">Temporally setting log level to: NONE</msg>
<msg timestamp="20230801 06:38:44.796" level="INFO">Log level changed from NONE to INFO.</msg>
<status status="PASS" starttime="20230801 06:38:44.668" endtime="20230801 06:38:44.796"/>
</kw>
<kw name="Click Button" library="SeleniumLibrary">
<arg>xpath://button[@value='Anmelden']</arg>
<doc>Clicks the button identified by ``locator``.</doc>
<msg timestamp="20230801 06:38:44.797" level="INFO">Clicking button 'xpath://button[@value='Anmelden']'.</msg>
<status status="PASS" starttime="20230801 06:38:44.797" endtime="20230801 06:38:44.960"/>
</kw>
<status status="PASS" starttime="20230801 06:38:32.248" endtime="20230801 06:38:44.961"/>
</test>
<test id="s1-t2" name="VerifyThatUserIsLoggedIn" line="33">
<kw name="Wait Until Element Is Visible" library="SeleniumLibrary">
<arg>xpath://span[@class='profile-text']</arg>
<doc>Waits until the element ``locator`` is visible.</doc>
<status status="PASS" starttime="20230801 06:38:44.963" endtime="20230801 06:38:47.979"/>
</kw>
<kw name="Element Should Be Visible" library="SeleniumLibrary">
<arg>xpath://span[@class='profile-text']</arg>
<doc>Verifies that the element identified by ``locator`` is visible.</doc>
<msg timestamp="20230801 06:38:48.000" level="INFO">Element 'xpath://span[@class='profile-text']' is displayed.</msg>
<status status="PASS" starttime="20230801 06:38:47.979" endtime="20230801 06:38:48.000"/>
</kw>
<kw name="Element Text Should Be" library="SeleniumLibrary">
<arg>xpath://span[@class='profile-text']</arg>
<arg>Mein Konto</arg>
<doc>Verifies that element ``locator`` contains exact the text ``expected``.</doc>
<msg timestamp="20230801 06:38:48.001" level="INFO">Verifying element 'xpath://span[@class='profile-text']' contains exact text 'Mein Konto'.</msg>
<status status="PASS" starttime="20230801 06:38:48.000" endtime="20230801 06:38:48.025"/>
</kw>
<status status="PASS" starttime="20230801 06:38:44.962" endtime="20230801 06:38:48.025"/>
</test>
<test id="s1-t3" name="VerifyThatLoginIdIsCorrect" line="38">
<kw name="Click Element" library="SeleniumLibrary">
<arg>xpath://span[@class='profile-text']</arg>
<doc>Click the element identified by ``locator``.</doc>
<msg timestamp="20230801 06:38:48.028" level="INFO">Clicking element 'xpath://span[@class='profile-text']'.</msg>
<status status="PASS" starttime="20230801 06:38:48.027" endtime="20230801 06:38:48.100"/>
</kw>
<kw name="Click Element" library="SeleniumLibrary">
<arg>xpath://div[@class='menu__nav__list']//a[@class='sso-link sso-link--my-account'][normalize-space()='Mein Profil']</arg>
<doc>Click the element identified by ``locator``.</doc>
<msg timestamp="20230801 06:38:48.101" level="INFO">Clicking element 'xpath://div[@class='menu__nav__list']//a[@class='sso-link sso-link--my-account'][normalize-space()='Mein Profil']'.</msg>
<status status="PASS" starttime="20230801 06:38:48.100" endtime="20230801 06:38:50.066"/>
</kw>
<kw name="Element Text Should Be" library="SeleniumLibrary">
<arg>xpath://span[@class='value'][contains(text(),'qa.tagesspiegel+task@gmail.com')]</arg>
<arg>qa.tagesspiegel+task@gmail.com</arg>
<doc>Verifies that element ``locator`` contains exact the text ``expected``.</doc>
<msg timestamp="20230801 06:38:50.067" level="INFO">Verifying element 'xpath://span[@class='value'][contains(text(),'qa.tagesspiegel+task@gmail.com')]' contains exact text 'qa.tagesspiegel+task@gmail.com'.</msg>
<status status="PASS" starttime="20230801 06:38:50.066" endtime="20230801 06:38:50.091"/>
</kw>
<kw name="Close Browser" library="SeleniumLibrary">
<doc>Closes the current browser.</doc>
<status status="PASS" starttime="20230801 06:38:50.091" endtime="20230801 06:38:53.150"/>
</kw>
<status status="PASS" starttime="20230801 06:38:48.027" endtime="20230801 06:38:53.152"/>
</test>
<status status="PASS" starttime="20230801 06:38:31.754" endtime="20230801 06:38:53.157"/>
</suite>
<statistics>
<total>
<stat pass="3" fail="0" skip="0">All Tests</stat>
</total>
<tag>
</tag>
<suite>
<stat pass="3" fail="0" skip="0" id="s1" name="TC1">TC1</stat>
</suite>
</statistics>
<errors>
</errors>
</robot>
